[debug] [2020-08-08T21:40:39.771Z] ----------------------------------------------------------------------
[debug] [2020-08-08T21:40:39.774Z] Command:       /usr/local/bin/firebase /home/ary/.cache/firebase/tools/lib/node_modules/firebase-tools/lib/bin/firebase init
[debug] [2020-08-08T21:40:39.774Z] CLI Version:   8.7.0
[debug] [2020-08-08T21:40:39.774Z] Platform:      linux
[debug] [2020-08-08T21:40:39.774Z] Node Version:  v12.18.1
[debug] [2020-08-08T21:40:39.775Z] Time:          Sat Aug 08 2020 17:40:39 GMT-0400 (Eastern Daylight Time)
[debug] [2020-08-08T21:40:39.775Z] ----------------------------------------------------------------------
[debug] [2020-08-08T21:40:39.775Z] 
[debug] [2020-08-08T21:40:39.781Z] > command requires scopes: ["email","openid","https://www.googleapis.com/auth/cloudplatformprojects.readonly","https://www.googleapis.com/auth/firebase","https://www.googleapis.com/auth/cloud-platform"]
[debug] [2020-08-08T21:40:39.781Z] > authorizing via signed-in user
[info] 
     ######## #### ########  ######## ########     ###     ######  ########
     ##        ##  ##     ## ##       ##     ##  ##   ##  ##       ##
     ######    ##  ########  ######   ########  #########  ######  ######
     ##        ##  ##    ##  ##       ##     ## ##     ##       ## ##
     ##       #### ##     ## ######## ########  ##     ##  ######  ########

You're about to initialize a Firebase project in this directory:

  /home/ary/REST-STATS/login-client

[debug] [2020-08-11T15:44:16.535Z] TypeError: Cannot read property 'setRawMode' of null
    at ReadStream.setRawMode (tty.js:75:28)
    at Interface._setRawMode (readline.js:290:16)
    at Interface.close (readline.js:413:10)
    at ReadStream.ontermend (readline.js:201:10)
    at ReadStream.emit (events.js:327:22)
    at ReadStream.EventEmitter.emit (domain.js:482:12)
    at endReadableNT (_stream_readable.js:1221:12)
    at processTicksAndRejections (internal/process/task_queues.js:84:21)
